<?xml version="1.0" encoding="UTF-8"?>
<testng-results skipped="0" failed="0" ignored="0" total="1" passed="1">
  <reporter-output>
  </reporter-output>
  <suite name="Surefire suite" duration-ms="17793" started-at="2017-09-08T15:52:39Z" finished-at="2017-09-08T15:52:57Z">
    <groups>
      <group name="cucumber">
        <method signature="AbstractTestNGCucumberTests.feature(cucumber.api.testng.CucumberFeatureWrapper)[pri:0, instance:runner.TestNGRunner@b97c004]" name="feature" class="cucumber.api.testng.AbstractTestNGCucumberTests"/>
      </group> <!-- cucumber -->
    </groups>
    <test name="Surefire test" duration-ms="17793" started-at="2017-09-08T15:52:39Z" finished-at="2017-09-08T15:52:57Z">
      <class name="runner.TestNGRunner">
        <test-method status="PASS" signature="setUpClass()[pri:0, instance:runner.TestNGRunner@b97c004]" name="setUpClass" is-config="true" duration-ms="481" started-at="2017-09-08T11:52:39Z" finished-at="2017-09-08T11:52:40Z">
          <reporter-output>
          </reporter-output>
        </test-method> <!-- setUpClass -->
        <test-method status="PASS" signature="feature(cucumber.api.testng.CucumberFeatureWrapper)[pri:0, instance:runner.TestNGRunner@b97c004]" name="feature" duration-ms="17155" started-at="2017-09-08T11:52:40Z" description="Runs Cucumber Feature" data-provider="features" finished-at="2017-09-08T11:52:57Z">
          <params>
            <param index="0">
              <value>
                <![CDATA[LoginFeature]]>
              </value>
            </param>
          </params>
          <reporter-output>
          </reporter-output>
        </test-method> <!-- feature -->
        <test-method status="PASS" signature="tearDownClass()[pri:0, instance:runner.TestNGRunner@b97c004]" name="tearDownClass" is-config="true" duration-ms="28" started-at="2017-09-08T11:52:57Z" finished-at="2017-09-08T11:52:57Z">
          <reporter-output>
          </reporter-output>
        </test-method> <!-- tearDownClass -->
      </class> <!-- runner.TestNGRunner -->
    </test> <!-- Surefire test -->
  </suite> <!-- Surefire suite -->
</testng-results>
